nohup: ignoring input
================================================================================
开始评估采样质量
================================================================================

【第一部分：CVT和Kennard-Stone采样评估】
--------------------------------------------------------------------------------

1. 读取数据文件...
   - 底物醇数据: (32071, 1)
   - 底物醇特征: (32071, 1191)
   - 合并后完整空间: (32071, 1192)

2. 进行CVT采样 (采样数量: 20)...
   - CVT采样完成，采样点数量: 20

3. 计算CVT采样的评估指标...
   - CVT采样熵 (Entropy): 4642.957865
   - CVT采样MSD: 1330.311052

4. 进行Kennard-Stone采样 (采样数量: 20)...
Kennard-Stone采样完成，采样了 20 个点
   - Kennard-Stone采样完成，采样点数量: 20

5. 计算Kennard-Stone采样的评估指标...
   - Kennard-Stone采样熵 (Entropy): 6090.294747
   - Kennard-Stone采样MSD: 3701.231792

5.5. 进行Ward聚类采样 (采样数量: 20)...
使用 ward linkage 和 euclidean 距离度量进行层次聚类
Ward聚类采样完成，采样了 20 个点
   - Ward聚类采样完成，采样点数量: 20

5.6. 计算Ward聚类采样的评估指标...
   - Ward聚类采样熵 (Entropy): 4790.296180
   - Ward聚类采样MSD: 1325.948976

6. 进行随机采样 (采样数量: 20, 重复5次)...
   - 第1次: 熵=5351.583258, MSD=1728.612212
   - 第2次: 熵=5300.073296, MSD=1667.250104
   - 第3次: 熵=5346.292245, MSD=1604.779864
   - 第4次: 熵=5272.107663, MSD=1597.172618
   - 第5次: 熵=5434.761651, MSD=1860.242777

7. 随机采样统计结果:
   - 平均熵: 5340.963623 ± 61.952407
   - 平均MSD: 1691.611515 ± 108.232936


【第二部分：实验数据评估】
--------------------------------------------------------------------------------

8. 读取实验数据文件...
   - 实验数据: (20, 1)
   - 实验数据特征: (20, 1191)
   - 合并后实验数据: (20, 1192)

9. 计算实验采样的评估指标...
   - 实验采样熵 (Entropy): 5135.172891
   - 实验采样MSD: 1342.203288


================================================================================
评估结果总结
================================================================================

方法                        熵 (Entropy)                    MSD                 
--------------------------------------------------------------------------------
CVT采样                     4642.957865                    1330.311052         
Kennard-Stone采样           6090.294747                    3701.231792         
Ward聚类采样                  4790.296180                    1325.948976         
随机采样(平均)                  5340.963623                    1691.611515         
随机采样(标准差)                 61.952407                      108.232936          
实验采样                     5135.172891                    1342.203288         
================================================================================
