nohup: ignoring input
Original labeled data shape: (7968, 1193)
UMAP input data shape: (7968, 1191)
/home/ljw/miniconda3/envs/work_env/lib/python3.10/site-packages/umap/umap_.py:1952: UserWarning: n_jobs value 1 overridden to 1 by setting random_state. Use no seed for parallelism.
  warn(
UMAP done
UMAP x range: [-8.63, 25.29]
UMAP y range: [-11.52, 21.15]
Loaded energy data for iteration 1, shape: (7968, 1194)
Energy range: [25.990248, 52.908729]
                                      smiles
0          C(CO)N1C(=O)N(CCO)C(=O)N(CCO)C1=O
1  CCOC(=O)C1=C(C)N=C(C2=CC(=C(C=C2)O)C=O)S1
2                 OCC(NC(OC(C)(C)C)=O)C(O)=O
3               C1=CC=C(C(=C1)[N+](=O)[O-])O
4                          C1=C(C=CC(=C1)O)O
5                        C1=C(C=CN=C1)C(=O)O
6                               OC1CCC(O)CC1
7                              OCC1=CC=CC=C1
8                                    CC(=O)O
9                                       OCCO
Plotting repulsion energy contour for iteration 1
Labeled dataset shape: (7968, 1193)
UMAP shape: (7968, 2)
Iteration 1 - sampling points found: 10
Iteration 1 - log(repulsion energy) statistics:
  Mean: 27.467141
  Std: 0.904349
  Min: 25.990248
  Max: 52.908729
============================================================
Loaded energy data for iteration 2, shape: (7968, 1194)
Energy range: [26.929717, 52.908729]
                                              smiles
0                           OC(CO)COCCCCCCCCCCCCCCCC
1  CC1=C(NC(C2=CN=C(S2)NC3=CC(N4CCN(CCO)CC4)=NC(C...
2                       OCC1=CC([N+]([O-])=O)=CC=C1F
3  O=C([C@H](CCCCNC(OCC1=CC=CC=C1)=O)NC(OCC2C3=CC...
4              CC(C)(C)OC(=O)N1CC[C@H]([C@@H](C1)N)O
5                 C1=CC(=C(C=C1[N+](=O)[O-])F)C(=O)O
6  [C-](#N)[Co+3]1234[N]=5[C@@]6(C)[C@@]7([N-]1C(...
7  CC1=CC2=C([N+](C3C(O)C(OP(O)(OC(CNC(CCC4(C(C5C...
8  CCC(CCCCC(NC(C(NC(C(NC(C(NC1CCNC(C(NC(C(NC(C(N...
9  ClC1=C(C=CC([C@H]([C@H](C(N[C@H](C(N[C@]2(C(N[...
Plotting repulsion energy contour for iteration 2
Labeled dataset shape: (7968, 1193)
UMAP shape: (7968, 2)
Iteration 2 - sampling points found: 10
Iteration 2 - log(repulsion energy) statistics:
  Mean: 27.945323
  Std: 1.172889
  Min: 26.929717
  Max: 52.908729
============================================================
Loaded energy data for iteration 3, shape: (7968, 1194)
Energy range: [27.383294, 52.908729]
                                              smiles
0    CCCCCCCCNC[C@@H]([C@H]([C@@H]([C@@H](CO)O)O)O)O
1  CC1=CC2=C(C=C1C)N(C[C@@H]([C@@H]([C@@H](COP(=O...
2  CC(=CCC1=C2C(=C(C=C1O[C@H]3[C@@H]([C@H]([C@@H]...
3             CC(C)(OC(NCC(N1CCC[C@H]1C(O)=O)=O)=O)C
4   C1=COC(=C1)CNC2=C(C=C(C(=C2)Cl)S(=O)(=O)N)C(=O)O
5  CCCCC1=NC(=C(CO)N1CC2=CC=C(C=C2)C3=CC=CC=C3C4=...
6  O=C(CC[C@H](NC(OCC1C2=CC=CC=C2C3=CC=CC=C31)=O)...
7                  O=[N+](C1=CC(NCCO)=CC=C1NCCO)[O-]
8  CC1(C)[C@H](CC[C@@]23CC43CC[C@]5(C)[C@H]([C@H]...
9          OC1=CC2=C(NC3=CC=CC(Cl)=C3F)N=CN=C2C=C1OC
Plotting repulsion energy contour for iteration 3
Labeled dataset shape: (7968, 1193)
UMAP shape: (7968, 2)
Iteration 3 - sampling points found: 10
Iteration 3 - log(repulsion energy) statistics:
  Mean: 28.344829
  Std: 1.388529
  Min: 27.383294
  Max: 52.908729
============================================================
Loaded energy data for iteration 4, shape: (7968, 1194)
Energy range: [27.675952, 52.908729]
                                              smiles
0                      CC(C)(C)OC(=O)N1CC[C@H](CO)C1
1  O[C@H]1[C@@H](OCCOC)[C@H](N2C(N=C(NC(C(C)C)=O)...
2                     OCC1=CC2=CN=C(Cl)N=C2N1C3CCCC3
3  O=C([O-])[C@@H](N)CC[S+](C[C@H]1O[C@@H](N2C=NC...
4  O[C@H]1[C@H](O[C@@H](C[C@@]2(C)[C@]3(C)CC4)[C@...
5                                   CCN(CCO)CCCC(N)C
6  CC(C)(OC1=CC=C(C[C@H](NC(OCC2C3=CC=CC=C3C4=CC=...
7                                 FC1=CC(Br)=CC=C1CO
8  CC(C)(OC(NCCCC[C@H](NC(OCC1=CC=CC=C1)=O)C(O)=O...
9  C[C@H]1[C@@H]([C@H]([C@H]([C@H](OC[C@@H]2[C@H]...
Plotting repulsion energy contour for iteration 4
Labeled dataset shape: (7968, 1193)
UMAP shape: (7968, 2)
Iteration 4 - sampling points found: 10
Iteration 4 - log(repulsion energy) statistics:
  Mean: 28.635826
  Std: 1.687155
  Min: 27.675952
  Max: 52.908729
============================================================
Loaded energy data for iteration 5, shape: (7968, 1194)
Energy range: [27.898273, 52.908729]
                                              smiles
0  O[C@H]1[C@H](N2C3=NC=NC(N)=C3N=C2)O[C@H](COP(O...
1                         O=C(O)C1=CC(Cl)=C(Br)C=C1F
2  C[C@]12[C@]3([C@]4(C[C@](O[C@H]5[C@H](O[C@@H]6...
3  O=C(O)[C@@H](NC(OCC1C2=CC=CC=C2C3=CC=CC=C31)=O...
4                       C(CC(=O)O)[C@@H](C(=O)O)N.Cl
5  CC(=CCC1=C2C(=C(C=C1O)O)C(=O)C(=C(C3=CC=C(C=C3...
6              CCCCCCCCCCCCOCCOCCOCCOCCOCCOCCOCCOCCO
7                               OCC1=CC(Br)=C(F)C=C1
8  O=C(O[C@]1([H])C2)[C@]([C@]/34O)([H])C=C(C)[C@...
9                         OCC1N(C(OC(C)(C)C)=O)CCNC1
Plotting repulsion energy contour for iteration 5
Labeled dataset shape: (7968, 1193)
UMAP shape: (7968, 2)
Iteration 5 - sampling points found: 10
Iteration 5 - log(repulsion energy) statistics:
  Mean: 28.892916
  Std: 1.914440
  Min: 27.898273
  Max: 52.908729
============================================================
Loaded energy data for iteration 6, shape: (7968, 1194)
Energy range: [28.078827, 52.908729]
                                              smiles
0  CC(C)(C)C1=CC(=C(C(=C1)N2N=C3C=CC(=CC3=N2)Cl)O...
1                  CCCCCCCC/C=C\CCCCCCCC(OCC(O)CO)=O
2   CC(C)(OC(N[C@H](C(OCC1=CC=CC=C1)=O)CCC(O)=O)=O)C
3  OC[C@@H]1[C@H](C[C@H](N2C=NC3=C2N=C(N)NC3=O)O1...
4  O=C([C@]12CCC(C)(C)C[C@@]1([H])C3=CC[C@]4([H])...
5                O=C(C1=CC([N+]([O-])=O)=C(Cl)N=C1)O
6                                C1=CC(=C(Br)N=C1)CO
7                         O=C(C1=NNC2=C1C=C(F)C=C2)O
8  OC1=CC(O)=CC(O[C@H](C2=CC(O[C@H](C3=CC=C(O)C(O...
9                         CCCCCCCC/C=C\CCCCCCCCCCCCO
Plotting repulsion energy contour for iteration 6
Labeled dataset shape: (7968, 1193)
UMAP shape: (7968, 2)
Iteration 6 - sampling points found: 10
Iteration 6 - log(repulsion energy) statistics:
  Mean: 29.102753
  Std: 2.061495
  Min: 28.078827
  Max: 52.908729
============================================================
